This file contains any messages produced by compilers while
running configure, to aid debugging if configure makes a mistake.

It was created by Loris configure 1.9, which was
generated by GNU Autoconf 2.69.  Invocation command line was

  $ ./configure --with-fftw --with-utils

## --------- ##
## Platform. ##
## --------- ##

hostname = g780
uname -m = x86_64
uname -r = 4.10.0-28-lowlatency
uname -s = Linux
uname -v = #32-Ubuntu SMP PREEMPT Fri Jun 30 07:03:39 UTC 2017

/usr/bin/uname -p = unknown
/bin/uname -X     = unknown

/bin/arch              = unknown
/usr/bin/arch -k       = unknown
/usr/convex/getsysinfo = unknown
/usr/bin/hostinfo      = unknown
/bin/machine           = unknown
/usr/bin/oslevel       = unknown
/bin/universe          = unknown

PATH: /home/em/opt/nim/bin
PATH: /home/em/.fzf/bin
PATH: /home/em/bin
PATH: /home/em/.local/bin
PATH: /usr/local/sbin
PATH: /usr/local/bin
PATH: /usr/sbin
PATH: /usr/bin
PATH: /sbin
PATH: /bin
PATH: /usr/games
PATH: /usr/local/games
PATH: /snap/bin


## ----------- ##
## Core tests. ##
## ----------- ##

configure:2683: checking for a BSD-compatible install
configure:2751: result: /usr/bin/install -c
configure:2762: checking whether build environment is sane
configure:2817: result: yes
configure:2968: checking for a thread-safe mkdir -p
configure:3007: result: /bin/mkdir -p
configure:3014: checking for gawk
configure:3030: found /usr/bin/gawk
configure:3041: result: gawk
configure:3052: checking whether make sets $(MAKE)
configure:3074: result: yes
configure:3103: checking whether make supports nested variables
configure:3120: result: yes
configure:3252: result: ----- Package Name And Version -----
configure:3255: result: this is Loris 1.9
configure:3271: result: ----- Program Checks -----
configure:3331: checking for g++
configure:3347: found /usr/bin/g++
configure:3358: result: g++
configure:3385: checking for C++ compiler version
configure:3394: g++ --version >&5
g++ (Ubuntu 6.3.0-12ubuntu2) 6.3.0 20170406
Copyright (C) 2016 Free Software Foundation, Inc.
This is free software; see the source for copying conditions.  There is NO
warranty; not even for MERCHANTABILITY or FITNESS FOR A PARTICULAR PURPOSE.

configure:3405: $? = 0
configure:3394: g++ -v >&5
Using built-in specs.
COLLECT_GCC=g++
COLLECT_LTO_WRAPPER=/usr/lib/gcc/x86_64-linux-gnu/6/lto-wrapper
Target: x86_64-linux-gnu
Configured with: ../src/configure -v --with-pkgversion='Ubuntu 6.3.0-12ubuntu2' --with-bugurl=file:///usr/share/doc/gcc-6/README.Bugs --enable-languages=c,ada,c++,java,go,d,fortran,objc,obj-c++ --prefix=/usr --program-suffix=-6 --program-prefix=x86_64-linux-gnu- --enable-shared --enable-linker-build-id --libexecdir=/usr/lib --without-included-gettext --enable-threads=posix --libdir=/usr/lib --enable-nls --with-sysroot=/ --enable-clocale=gnu --enable-libstdcxx-debug --enable-libstdcxx-time=yes --with-default-libstdcxx-abi=new --enable-gnu-unique-object --disable-vtable-verify --enable-libmpx --enable-plugin --enable-default-pie --with-system-zlib --disable-browser-plugin --enable-java-awt=gtk --enable-gtk-cairo --with-java-home=/usr/lib/jvm/java-1.5.0-gcj-6-amd64/jre --enable-java-home --with-jvm-root-dir=/usr/lib/jvm/java-1.5.0-gcj-6-amd64 --with-jvm-jar-dir=/usr/lib/jvm-exports/java-1.5.0-gcj-6-amd64 --with-arch-directory=amd64 --with-ecj-jar=/usr/share/java/eclipse-ecj.jar --with-target-system-zlib --enable-objc-gc=auto --enable-multiarch --disable-werror --with-arch-32=i686 --with-abi=m64 --with-multilib-list=m32,m64,mx32 --enable-multilib --with-tune=generic --enable-checking=release --build=x86_64-linux-gnu --host=x86_64-linux-gnu --target=x86_64-linux-gnu
Thread model: posix
gcc version 6.3.0 20170406 (Ubuntu 6.3.0-12ubuntu2) 
configure:3405: $? = 0
configure:3394: g++ -V >&5
g++: error: unrecognized command line option '-V'
g++: fatal error: no input files
compilation terminated.
configure:3405: $? = 1
configure:3394: g++ -qversion >&5
g++: error: unrecognized command line option '-qversion'; did you mean '--version'?
g++: fatal error: no input files
compilation terminated.
configure:3405: $? = 1
configure:3425: checking whether the C++ compiler works
configure:3447: g++    conftest.cpp  >&5
configure:3451: $? = 0
configure:3499: result: yes
configure:3502: checking for C++ compiler default output file name
configure:3504: result: a.out
configure:3510: checking for suffix of executables
configure:3517: g++ -o conftest    conftest.cpp  >&5
configure:3521: $? = 0
configure:3543: result: 
configure:3565: checking whether we are cross compiling
configure:3573: g++ -o conftest    conftest.cpp  >&5
configure:3577: $? = 0
configure:3584: ./conftest
configure:3588: $? = 0
configure:3603: result: no
configure:3608: checking for suffix of object files
configure:3630: g++ -c   conftest.cpp >&5
configure:3634: $? = 0
configure:3655: result: o
configure:3659: checking whether we are using the GNU C++ compiler
configure:3678: g++ -c   conftest.cpp >&5
configure:3678: $? = 0
configure:3687: result: yes
configure:3696: checking whether g++ accepts -g
configure:3716: g++ -c -g  conftest.cpp >&5
configure:3716: $? = 0
configure:3757: result: yes
configure:3791: checking for style of include used by make
configure:3819: result: GNU
configure:3845: checking dependency style of g++
configure:3956: result: gcc3
configure:4000: checking build system type
configure:4014: result: x86_64-pc-linux-gnu
configure:4034: checking host system type
configure:4047: result: x86_64-pc-linux-gnu
configure:4088: checking how to print strings
configure:4115: result: printf
configure:4184: checking for gcc
configure:4200: found /usr/bin/gcc
configure:4211: result: gcc
configure:4440: checking for C compiler version
configure:4449: gcc --version >&5
gcc (Ubuntu 6.3.0-12ubuntu2) 6.3.0 20170406
Copyright (C) 2016 Free Software Foundation, Inc.
This is free software; see the source for copying conditions.  There is NO
warranty; not even for MERCHANTABILITY or FITNESS FOR A PARTICULAR PURPOSE.

configure:4460: $? = 0
configure:4449: gcc -v >&5
Using built-in specs.
COLLECT_GCC=gcc
COLLECT_LTO_WRAPPER=/usr/lib/gcc/x86_64-linux-gnu/6/lto-wrapper
Target: x86_64-linux-gnu
Configured with: ../src/configure -v --with-pkgversion='Ubuntu 6.3.0-12ubuntu2' --with-bugurl=file:///usr/share/doc/gcc-6/README.Bugs --enable-languages=c,ada,c++,java,go,d,fortran,objc,obj-c++ --prefix=/usr --program-suffix=-6 --program-prefix=x86_64-linux-gnu- --enable-shared --enable-linker-build-id --libexecdir=/usr/lib --without-included-gettext --enable-threads=posix --libdir=/usr/lib --enable-nls --with-sysroot=/ --enable-clocale=gnu --enable-libstdcxx-debug --enable-libstdcxx-time=yes --with-default-libstdcxx-abi=new --enable-gnu-unique-object --disable-vtable-verify --enable-libmpx --enable-plugin --enable-default-pie --with-system-zlib --disable-browser-plugin --enable-java-awt=gtk --enable-gtk-cairo --with-java-home=/usr/lib/jvm/java-1.5.0-gcj-6-amd64/jre --enable-java-home --with-jvm-root-dir=/usr/lib/jvm/java-1.5.0-gcj-6-amd64 --with-jvm-jar-dir=/usr/lib/jvm-exports/java-1.5.0-gcj-6-amd64 --with-arch-directory=amd64 --with-ecj-jar=/usr/share/java/eclipse-ecj.jar --with-target-system-zlib --enable-objc-gc=auto --enable-multiarch --disable-werror --with-arch-32=i686 --with-abi=m64 --with-multilib-list=m32,m64,mx32 --enable-multilib --with-tune=generic --enable-checking=release --build=x86_64-linux-gnu --host=x86_64-linux-gnu --target=x86_64-linux-gnu
Thread model: posix
gcc version 6.3.0 20170406 (Ubuntu 6.3.0-12ubuntu2) 
configure:4460: $? = 0
configure:4449: gcc -V >&5
gcc: error: unrecognized command line option '-V'
gcc: fatal error: no input files
compilation terminated.
configure:4460: $? = 1
configure:4449: gcc -qversion >&5
gcc: error: unrecognized command line option '-qversion'; did you mean '--version'?
gcc: fatal error: no input files
compilation terminated.
configure:4460: $? = 1
configure:4464: checking whether we are using the GNU C compiler
configure:4483: gcc -c   conftest.c >&5
configure:4483: $? = 0
configure:4492: result: yes
configure:4501: checking whether gcc accepts -g
configure:4521: gcc -c -g  conftest.c >&5
configure:4521: $? = 0
configure:4562: result: yes
configure:4579: checking for gcc option to accept ISO C89
configure:4642: gcc  -c -g -O2  conftest.c >&5
configure:4642: $? = 0
configure:4655: result: none needed
configure:4680: checking whether gcc understands -c and -o together
configure:4702: gcc -c conftest.c -o conftest2.o
configure:4705: $? = 0
configure:4702: gcc -c conftest.c -o conftest2.o
configure:4705: $? = 0
configure:4717: result: yes
configure:4736: checking dependency style of gcc
configure:4847: result: gcc3
configure:4862: checking for a sed that does not truncate output
configure:4926: result: /bin/sed
configure:4944: checking for grep that handles long lines and -e
configure:5002: result: /bin/grep
configure:5007: checking for egrep
configure:5069: result: /bin/grep -E
configure:5074: checking for fgrep
configure:5136: result: /bin/grep -F
configure:5171: checking for ld used by gcc
configure:5238: result: /usr/bin/ld
configure:5245: checking if the linker (/usr/bin/ld) is GNU ld
configure:5260: result: yes
configure:5272: checking for BSD- or MS-compatible name lister (nm)
configure:5326: result: /usr/bin/nm -B
configure:5456: checking the name lister (/usr/bin/nm -B) interface
configure:5463: gcc -c -g -O2  conftest.c >&5
configure:5466: /usr/bin/nm -B "conftest.o"
configure:5469: output
0000000000000000 B some_variable
configure:5476: result: BSD nm
configure:5479: checking whether ln -s works
configure:5483: result: yes
configure:5491: checking the maximum length of command line arguments
configure:5622: result: 1572864
configure:5670: checking how to convert x86_64-pc-linux-gnu file names to x86_64-pc-linux-gnu format
configure:5710: result: func_convert_file_noop
configure:5717: checking how to convert x86_64-pc-linux-gnu file names to toolchain format
configure:5737: result: func_convert_file_noop
configure:5744: checking for /usr/bin/ld option to reload object files
configure:5751: result: -r
configure:5825: checking for objdump
configure:5841: found /usr/bin/objdump
configure:5852: result: objdump
configure:5884: checking how to recognize dependent libraries
configure:6084: result: pass_all
configure:6169: checking for dlltool
configure:6199: result: no
configure:6229: checking how to associate runtime and link libraries
configure:6256: result: printf %s\n
configure:6317: checking for ar
configure:6333: found /usr/bin/ar
configure:6344: result: ar
configure:6381: checking for archiver @FILE support
configure:6398: gcc -c -g -O2  conftest.c >&5
configure:6398: $? = 0
configure:6401: ar cru libconftest.a @conftest.lst >&5
ar: `u' modifier ignored since `D' is the default (see `U')
configure:6404: $? = 0
configure:6409: ar cru libconftest.a @conftest.lst >&5
ar: `u' modifier ignored since `D' is the default (see `U')
ar: conftest.o: No such file or directory
configure:6412: $? = 1
configure:6424: result: @
configure:6482: checking for strip
configure:6498: found /usr/bin/strip
configure:6509: result: strip
configure:6581: checking for ranlib
configure:6597: found /usr/bin/ranlib
configure:6608: result: ranlib
configure:6710: checking command to parse /usr/bin/nm -B output from gcc object
configure:6863: gcc -c -g -O2  conftest.c >&5
configure:6866: $? = 0
configure:6870: /usr/bin/nm -B conftest.o \| sed -n -e 's/^.*[ ]\([ABCDGIRSTW][ABCDGIRSTW]*\)[ ][ ]*\([_A-Za-z][_A-Za-z0-9]*\)$/\1 \2 \2/p' | sed '/ __gnu_lto/d' \> conftest.nm
configure:6873: $? = 0
configure:6939: gcc -o conftest -g -O2   conftest.c conftstm.o >&5
configure:6942: $? = 0
configure:6980: result: ok
configure:7027: checking for sysroot
configure:7057: result: no
configure:7064: checking for a working dd
configure:7102: result: /bin/dd
configure:7106: checking how to truncate binary pipes
configure:7121: result: /bin/dd bs=4096 count=1
configure:7257: gcc -c -g -O2  conftest.c >&5
configure:7260: $? = 0
configure:7450: checking for mt
configure:7466: found /bin/mt
configure:7477: result: mt
configure:7500: checking if mt is a manifest tool
configure:7506: mt '-?'
configure:7514: result: no
configure:8191: checking how to run the C preprocessor
configure:8222: gcc -E  conftest.c
configure:8222: $? = 0
configure:8236: gcc -E  conftest.c
conftest.c:11:28: fatal error: ac_nonexistent.h: No such file or directory
 #include <ac_nonexistent.h>
                            ^
compilation terminated.
configure:8236: $? = 1
configure: failed program was:
| /* confdefs.h */
| #define PACKAGE_NAME "Loris"
| #define PACKAGE_TARNAME "loris"
| #define PACKAGE_VERSION "1.9"
| #define PACKAGE_STRING "Loris 1.9"
| #define PACKAGE_BUGREPORT "loris@cerlsoundgroup.org"
| #define PACKAGE_URL ""
| #define PACKAGE "loris"
| #define VERSION "1.9"
| /* end confdefs.h.  */
| #include <ac_nonexistent.h>
configure:8261: result: gcc -E
configure:8281: gcc -E  conftest.c
configure:8281: $? = 0
configure:8295: gcc -E  conftest.c
conftest.c:11:28: fatal error: ac_nonexistent.h: No such file or directory
 #include <ac_nonexistent.h>
                            ^
compilation terminated.
configure:8295: $? = 1
configure: failed program was:
| /* confdefs.h */
| #define PACKAGE_NAME "Loris"
| #define PACKAGE_TARNAME "loris"
| #define PACKAGE_VERSION "1.9"
| #define PACKAGE_STRING "Loris 1.9"
| #define PACKAGE_BUGREPORT "loris@cerlsoundgroup.org"
| #define PACKAGE_URL ""
| #define PACKAGE "loris"
| #define VERSION "1.9"
| /* end confdefs.h.  */
| #include <ac_nonexistent.h>
configure:8324: checking for ANSI C header files
configure:8344: gcc -c -g -O2  conftest.c >&5
configure:8344: $? = 0
configure:8417: gcc -o conftest -g -O2   conftest.c  >&5
configure:8417: $? = 0
configure:8417: ./conftest
configure:8417: $? = 0
configure:8428: result: yes
configure:8441: checking for sys/types.h
configure:8441: gcc -c -g -O2  conftest.c >&5
configure:8441: $? = 0
configure:8441: result: yes
configure:8441: checking for sys/stat.h
configure:8441: gcc -c -g -O2  conftest.c >&5
configure:8441: $? = 0
configure:8441: result: yes
configure:8441: checking for stdlib.h
configure:8441: gcc -c -g -O2  conftest.c >&5
configure:8441: $? = 0
configure:8441: result: yes
configure:8441: checking for string.h
configure:8441: gcc -c -g -O2  conftest.c >&5
configure:8441: $? = 0
configure:8441: result: yes
configure:8441: checking for memory.h
configure:8441: gcc -c -g -O2  conftest.c >&5
configure:8441: $? = 0
configure:8441: result: yes
configure:8441: checking for strings.h
configure:8441: gcc -c -g -O2  conftest.c >&5
configure:8441: $? = 0
configure:8441: result: yes
configure:8441: checking for inttypes.h
configure:8441: gcc -c -g -O2  conftest.c >&5
configure:8441: $? = 0
configure:8441: result: yes
configure:8441: checking for stdint.h
configure:8441: gcc -c -g -O2  conftest.c >&5
configure:8441: $? = 0
configure:8441: result: yes
configure:8441: checking for unistd.h
configure:8441: gcc -c -g -O2  conftest.c >&5
configure:8441: $? = 0
configure:8441: result: yes
configure:8455: checking for dlfcn.h
configure:8455: gcc -c -g -O2  conftest.c >&5
configure:8455: $? = 0
configure:8455: result: yes
configure:8722: checking for objdir
configure:8737: result: .libs
configure:8997: checking if gcc supports -fno-rtti -fno-exceptions
configure:9015: gcc -c -g -O2  -fno-rtti -fno-exceptions conftest.c >&5
cc1: warning: command line option '-fno-rtti' is valid for C++/ObjC++ but not for C
configure:9019: $? = 0
configure:9032: result: no
configure:9390: checking for gcc option to produce PIC
configure:9397: result: -fPIC -DPIC
configure:9405: checking if gcc PIC flag -fPIC -DPIC works
configure:9423: gcc -c -g -O2  -fPIC -DPIC -DPIC conftest.c >&5
configure:9427: $? = 0
configure:9440: result: yes
configure:9469: checking if gcc static flag -static works
configure:9497: result: yes
configure:9512: checking if gcc supports -c -o file.o
configure:9533: gcc -c -g -O2  -o out/conftest2.o conftest.c >&5
configure:9537: $? = 0
configure:9559: result: yes
configure:9567: checking if gcc supports -c -o file.o
configure:9614: result: yes
configure:9647: checking whether the gcc linker (/usr/bin/ld -m elf_x86_64) supports shared libraries
configure:10910: result: yes
configure:10947: checking whether -lc should be explicitly linked in
configure:10955: gcc -c -g -O2  conftest.c >&5
configure:10958: $? = 0
configure:10973: gcc -shared  -fPIC -DPIC conftest.o  -v -Wl,-soname -Wl,conftest -o conftest 2\>\&1 \| /bin/grep  -lc  \>/dev/null 2\>\&1
configure:10976: $? = 0
configure:10990: result: no
configure:11150: checking dynamic linker characteristics
configure:11731: gcc -o conftest -g -O2   -Wl,-rpath -Wl,/foo conftest.c  >&5
configure:11731: $? = 0
configure:11980: result: GNU/Linux ld.so
configure:12102: checking how to hardcode library paths into programs
configure:12127: result: immediate
configure:12675: checking whether stripping libraries is possible
configure:12680: result: yes
configure:12715: checking if libtool supports shared libraries
configure:12717: result: yes
configure:12720: checking whether to build shared libraries
configure:12745: result: yes
configure:12748: checking whether to build static libraries
configure:12752: result: yes
configure:12775: checking how to run the C++ preprocessor
configure:12802: g++ -E  conftest.cpp
configure:12802: $? = 0
configure:12816: g++ -E  conftest.cpp
conftest.cpp:23:28: fatal error: ac_nonexistent.h: No such file or directory
 #include <ac_nonexistent.h>
                            ^
compilation terminated.
configure:12816: $? = 1
configure: failed program was:
| /* confdefs.h */
| #define PACKAGE_NAME "Loris"
| #define PACKAGE_TARNAME "loris"
| #define PACKAGE_VERSION "1.9"
| #define PACKAGE_STRING "Loris 1.9"
| #define PACKAGE_BUGREPORT "loris@cerlsoundgroup.org"
| #define PACKAGE_URL ""
| #define PACKAGE "loris"
| #define VERSION "1.9"
| #define STDC_HEADERS 1
| #define HAVE_SYS_TYPES_H 1
| #define HAVE_SYS_STAT_H 1
| #define HAVE_STDLIB_H 1
| #define HAVE_STRING_H 1
| #define HAVE_MEMORY_H 1
| #define HAVE_STRINGS_H 1
| #define HAVE_INTTYPES_H 1
| #define HAVE_STDINT_H 1
| #define HAVE_UNISTD_H 1
| #define HAVE_DLFCN_H 1
| #define LT_OBJDIR ".libs/"
| /* end confdefs.h.  */
| #include <ac_nonexistent.h>
configure:12841: result: g++ -E
configure:12861: g++ -E  conftest.cpp
configure:12861: $? = 0
configure:12875: g++ -E  conftest.cpp
conftest.cpp:23:28: fatal error: ac_nonexistent.h: No such file or directory
 #include <ac_nonexistent.h>
                            ^
compilation terminated.
configure:12875: $? = 1
configure: failed program was:
| /* confdefs.h */
| #define PACKAGE_NAME "Loris"
| #define PACKAGE_TARNAME "loris"
| #define PACKAGE_VERSION "1.9"
| #define PACKAGE_STRING "Loris 1.9"
| #define PACKAGE_BUGREPORT "loris@cerlsoundgroup.org"
| #define PACKAGE_URL ""
| #define PACKAGE "loris"
| #define VERSION "1.9"
| #define STDC_HEADERS 1
| #define HAVE_SYS_TYPES_H 1
| #define HAVE_SYS_STAT_H 1
| #define HAVE_STDLIB_H 1
| #define HAVE_STRING_H 1
| #define HAVE_MEMORY_H 1
| #define HAVE_STRINGS_H 1
| #define HAVE_INTTYPES_H 1
| #define HAVE_STDINT_H 1
| #define HAVE_UNISTD_H 1
| #define HAVE_DLFCN_H 1
| #define LT_OBJDIR ".libs/"
| /* end confdefs.h.  */
| #include <ac_nonexistent.h>
configure:13037: checking for ld used by g++
configure:13104: result: /usr/bin/ld -m elf_x86_64
configure:13111: checking if the linker (/usr/bin/ld -m elf_x86_64) is GNU ld
configure:13126: result: yes
configure:13181: checking whether the g++ linker (/usr/bin/ld -m elf_x86_64) supports shared libraries
configure:14254: result: yes
configure:14290: g++ -c -g -O2  conftest.cpp >&5
configure:14293: $? = 0
configure:14774: checking for g++ option to produce PIC
configure:14781: result: -fPIC -DPIC
configure:14789: checking if g++ PIC flag -fPIC -DPIC works
configure:14807: g++ -c -g -O2  -fPIC -DPIC -DPIC conftest.cpp >&5
configure:14811: $? = 0
configure:14824: result: yes
configure:14847: checking if g++ static flag -static works
configure:14875: result: yes
configure:14887: checking if g++ supports -c -o file.o
configure:14908: g++ -c -g -O2  -o out/conftest2.o conftest.cpp >&5
configure:14912: $? = 0
configure:14934: result: yes
configure:14939: checking if g++ supports -c -o file.o
configure:14986: result: yes
configure:15016: checking whether the g++ linker (/usr/bin/ld -m elf_x86_64) supports shared libraries
configure:15059: result: yes
configure:15200: checking dynamic linker characteristics
configure:15957: result: GNU/Linux ld.so
configure:16022: checking how to hardcode library paths into programs
configure:16047: result: immediate
configure:16113: checking for doxygen
configure:16131: found /usr/bin/doxygen
configure:16143: result: /usr/bin/doxygen
configure:16164: checking for swig
configure:16182: found /usr/bin/swig
configure:16194: result: /usr/bin/swig
configure:16240: result: ----- Compiler Feature Checks -----
configure:16254: checking size of bool
configure:16259: g++ -o conftest -g -O2   conftest.cpp  >&5
configure:16259: $? = 0
configure:16259: ./conftest
configure:16259: $? = 0
configure:16273: result: 1
configure:16287: checking size of char
configure:16292: g++ -o conftest -g -O2   conftest.cpp  >&5
configure:16292: $? = 0
configure:16292: ./conftest
configure:16292: $? = 0
configure:16306: result: 1
configure:16316: checking whether char is unsigned
configure:16335: g++ -c -g -O2  conftest.cpp >&5
configure:16335: $? = 0
configure:16342: result: no
configure:16353: checking size of short
configure:16358: g++ -o conftest -g -O2   conftest.cpp  >&5
configure:16358: $? = 0
configure:16358: ./conftest
configure:16358: $? = 0
configure:16372: result: 2
configure:16386: checking size of int
configure:16391: g++ -o conftest -g -O2   conftest.cpp  >&5
configure:16391: $? = 0
configure:16391: ./conftest
configure:16391: $? = 0
configure:16405: result: 4
configure:16419: checking size of long
configure:16424: g++ -o conftest -g -O2   conftest.cpp  >&5
configure:16424: $? = 0
configure:16424: ./conftest
configure:16424: $? = 0
configure:16438: result: 8
configure:16452: checking size of int *
configure:16457: g++ -o conftest -g -O2   conftest.cpp  >&5
configure:16457: $? = 0
configure:16457: ./conftest
configure:16457: $? = 0
configure:16471: result: 8
configure:16485: checking size of size_t
configure:16490: g++ -o conftest -g -O2   conftest.cpp  >&5
configure:16490: $? = 0
configure:16490: ./conftest
configure:16490: $? = 0
configure:16504: result: 8
configure:16519: checking size of float
configure:16524: g++ -o conftest -g -O2   conftest.cpp  >&5
configure:16524: $? = 0
configure:16524: ./conftest
configure:16524: $? = 0
configure:16538: result: 4
configure:16552: checking size of double
configure:16557: g++ -o conftest -g -O2   conftest.cpp  >&5
configure:16557: $? = 0
configure:16557: ./conftest
configure:16557: $? = 0
configure:16571: result: 8
configure:16583: checking for isfinite defined in cmath
configure:16596: g++ -c -g -O2  conftest.cpp >&5
conftest.cpp:32:18: warning: extra tokens at end of #include directive
  #include <cmath>;
                  ^
configure:16596: $? = 0
configure:16598: result: yep
configure:16612: checking whether byte ordering is bigendian
configure:16627: g++ -c -g -O2  conftest.cpp >&5
conftest.cpp:34:9: error: expected unqualified-id before 'not' token
         not a universal capable compiler
         ^~~
configure:16627: $? = 1
configure: failed program was:
| /* confdefs.h */
| #define PACKAGE_NAME "Loris"
| #define PACKAGE_TARNAME "loris"
| #define PACKAGE_VERSION "1.9"
| #define PACKAGE_STRING "Loris 1.9"
| #define PACKAGE_BUGREPORT "loris@cerlsoundgroup.org"
| #define PACKAGE_URL ""
| #define PACKAGE "loris"
| #define VERSION "1.9"
| #define STDC_HEADERS 1
| #define HAVE_SYS_TYPES_H 1
| #define HAVE_SYS_STAT_H 1
| #define HAVE_STDLIB_H 1
| #define HAVE_STRING_H 1
| #define HAVE_MEMORY_H 1
| #define HAVE_STRINGS_H 1
| #define HAVE_INTTYPES_H 1
| #define HAVE_STDINT_H 1
| #define HAVE_UNISTD_H 1
| #define HAVE_DLFCN_H 1
| #define LT_OBJDIR ".libs/"
| #define SIZEOF_BOOL 1
| #define SIZEOF_CHAR 1
| #define SIZEOF_SHORT 2
| #define SIZEOF_INT 4
| #define SIZEOF_LONG 8
| #define SIZEOF_INT_P 8
| #define SIZEOF_SIZE_T 8
| #define SIZEOF_FLOAT 4
| #define SIZEOF_DOUBLE 8
| #define HAVE_ISFINITE 1
| /* end confdefs.h.  */
| #ifndef __APPLE_CC__
| 	       not a universal capable compiler
| 	     #endif
| 	     typedef int dummy;
| 
configure:16672: g++ -c -g -O2  conftest.cpp >&5
configure:16672: $? = 0
configure:16690: g++ -c -g -O2  conftest.cpp >&5
conftest.cpp: In function 'int main()':
conftest.cpp:40:8: error: 'big' was not declared in this scope
    not big endian
        ^~~
configure:16690: $? = 1
configure: failed program was:
| /* confdefs.h */
| #define PACKAGE_NAME "Loris"
| #define PACKAGE_TARNAME "loris"
| #define PACKAGE_VERSION "1.9"
| #define PACKAGE_STRING "Loris 1.9"
| #define PACKAGE_BUGREPORT "loris@cerlsoundgroup.org"
| #define PACKAGE_URL ""
| #define PACKAGE "loris"
| #define VERSION "1.9"
| #define STDC_HEADERS 1
| #define HAVE_SYS_TYPES_H 1
| #define HAVE_SYS_STAT_H 1
| #define HAVE_STDLIB_H 1
| #define HAVE_STRING_H 1
| #define HAVE_MEMORY_H 1
| #define HAVE_STRINGS_H 1
| #define HAVE_INTTYPES_H 1
| #define HAVE_STDINT_H 1
| #define HAVE_UNISTD_H 1
| #define HAVE_DLFCN_H 1
| #define LT_OBJDIR ".libs/"
| #define SIZEOF_BOOL 1
| #define SIZEOF_CHAR 1
| #define SIZEOF_SHORT 2
| #define SIZEOF_INT 4
| #define SIZEOF_LONG 8
| #define SIZEOF_INT_P 8
| #define SIZEOF_SIZE_T 8
| #define SIZEOF_FLOAT 4
| #define SIZEOF_DOUBLE 8
| #define HAVE_ISFINITE 1
| /* end confdefs.h.  */
| #include <sys/types.h>
| 		#include <sys/param.h>
| 
| int
| main ()
| {
| #if BYTE_ORDER != BIG_ENDIAN
| 		 not big endian
| 		#endif
| 
|   ;
|   return 0;
| }
configure:16818: result: no
configure:16838: checking for M_PI defined in cmath
configure:16851: g++ -c -g -O2  conftest.cpp >&5
conftest.cpp:33:18: warning: extra tokens at end of #include directive
  #include <cmath>;
                  ^
configure:16851: $? = 0
configure:16853: result: yep
configure:16868: checking whether C++ compiler supports template member functions
configure:16882: g++ -c -g -O2  conftest.cpp >&5
configure:16882: $? = 0
configure:16884: result: yes
configure:16903: result: ----- Library Checks -----
configure:16918: checking for library containing sin
configure:16949: gcc -o conftest -g -O2   conftest.c  >&5
conftest.c:41:6: warning: conflicting types for built-in function 'sin'
 char sin ();
      ^~~
/tmp/ccNrIH0e.o: In function `main':
/home/em/dev/python/loristrck/src/loris/conftest.c:45: undefined reference to `sin'
collect2: error: ld returned 1 exit status
configure:16949: $? = 1
configure: failed program was:
| /* confdefs.h */
| #define PACKAGE_NAME "Loris"
| #define PACKAGE_TARNAME "loris"
| #define PACKAGE_VERSION "1.9"
| #define PACKAGE_STRING "Loris 1.9"
| #define PACKAGE_BUGREPORT "loris@cerlsoundgroup.org"
| #define PACKAGE_URL ""
| #define PACKAGE "loris"
| #define VERSION "1.9"
| #define STDC_HEADERS 1
| #define HAVE_SYS_TYPES_H 1
| #define HAVE_SYS_STAT_H 1
| #define HAVE_STDLIB_H 1
| #define HAVE_STRING_H 1
| #define HAVE_MEMORY_H 1
| #define HAVE_STRINGS_H 1
| #define HAVE_INTTYPES_H 1
| #define HAVE_STDINT_H 1
| #define HAVE_UNISTD_H 1
| #define HAVE_DLFCN_H 1
| #define LT_OBJDIR ".libs/"
| #define SIZEOF_BOOL 1
| #define SIZEOF_CHAR 1
| #define SIZEOF_SHORT 2
| #define SIZEOF_INT 4
| #define SIZEOF_LONG 8
| #define SIZEOF_INT_P 8
| #define SIZEOF_SIZE_T 8
| #define SIZEOF_FLOAT 4
| #define SIZEOF_DOUBLE 8
| #define HAVE_ISFINITE 1
| #define HAVE_M_PI 1
| /* end confdefs.h.  */
| 
| /* Override any GCC internal prototype to avoid an error.
|    Use char because int might match the return type of a GCC
|    builtin and then its argument prototype would still apply.  */
| #ifdef __cplusplus
| extern "C"
| #endif
| char sin ();
| int
| main ()
| {
| return sin ();
|   ;
|   return 0;
| }
configure:16949: gcc -o conftest -g -O2   conftest.c -lm   >&5
conftest.c:41:6: warning: conflicting types for built-in function 'sin'
 char sin ();
      ^~~
configure:16949: $? = 0
configure:16966: result: -lm
configure:16975: checking for fftw_execute in -lfftw3
configure:17000: gcc -o conftest -g -O2   conftest.c -lfftw3  -lm  >&5
configure:17000: $? = 0
configure:17009: result: yes
configure:17072: checking fftw3.h usability
configure:17072: gcc -c -g -O2  conftest.c >&5
configure:17072: $? = 0
configure:17072: result: yes
configure:17072: checking fftw3.h presence
configure:17072: gcc -E  conftest.c
configure:17072: $? = 0
configure:17072: result: yes
configure:17072: checking for fftw3.h
configure:17072: result: yes
configure:17104: result: ----- Language Checks -----
configure:17126: checking for python
configure:17144: found /usr/bin/python
configure:17156: result: /usr/bin/python
configure:17174: checking whether /usr/bin/python version is >= 2.6
configure:17185: /usr/bin/python -c import sys # split strings by '.' and convert to numeric. Append some zeros # because we need at least 4 digits for the hex conversion. # map returns an iterator in Python 3.0 and a list in 2.x minver = list(map(int, '2.6'.split('.'))) + [0, 0, 0] minverhex = 0 # xrange is not present in Python 3.0 and range returns an iterator for i in list(range(0, 4)): minverhex = (minverhex << 8) + minver[i] sys.exit(sys.hexversion < minverhex)
configure:17188: $? = 0
configure:17190: result: yes
configure:17283: checking for /usr/bin/python version
configure:17290: result: 2.7
configure:17302: checking for /usr/bin/python platform
configure:17309: result: linux2
configure:17335: checking for /usr/bin/python script directory
configure:17370: result: ${prefix}/lib/python2.7/dist-packages
configure:17379: checking for /usr/bin/python extension module directory
configure:17414: result: ${exec_prefix}/lib/python2.7/dist-packages
configure:17432: checking for Python.h header file
configure:17436: checking Python.h usability
configure:17436: gcc -c -g -O2 -I/usr/include/python2.7  conftest.c >&5
configure:17436: $? = 0
configure:17436: result: yes
configure:17436: checking Python.h presence
configure:17436: gcc -E -I/usr/include/python2.7  conftest.c
configure:17436: $? = 0
configure:17436: result: yes
configure:17436: checking for Python.h
configure:17436: result: yes
configure:17486: checking csdl.h usability
configure:17486: gcc -c -g -O2  conftest.c >&5
conftest.c:69:18: fatal error: csdl.h: No such file or directory
 #include <csdl.h>
                  ^
compilation terminated.
configure:17486: $? = 1
configure: failed program was:
| /* confdefs.h */
| #define PACKAGE_NAME "Loris"
| #define PACKAGE_TARNAME "loris"
| #define PACKAGE_VERSION "1.9"
| #define PACKAGE_STRING "Loris 1.9"
| #define PACKAGE_BUGREPORT "loris@cerlsoundgroup.org"
| #define PACKAGE_URL ""
| #define PACKAGE "loris"
| #define VERSION "1.9"
| #define STDC_HEADERS 1
| #define HAVE_SYS_TYPES_H 1
| #define HAVE_SYS_STAT_H 1
| #define HAVE_STDLIB_H 1
| #define HAVE_STRING_H 1
| #define HAVE_MEMORY_H 1
| #define HAVE_STRINGS_H 1
| #define HAVE_INTTYPES_H 1
| #define HAVE_STDINT_H 1
| #define HAVE_UNISTD_H 1
| #define HAVE_DLFCN_H 1
| #define LT_OBJDIR ".libs/"
| #define SIZEOF_BOOL 1
| #define SIZEOF_CHAR 1
| #define SIZEOF_SHORT 2
| #define SIZEOF_INT 4
| #define SIZEOF_LONG 8
| #define SIZEOF_INT_P 8
| #define SIZEOF_SIZE_T 8
| #define SIZEOF_FLOAT 4
| #define SIZEOF_DOUBLE 8
| #define HAVE_ISFINITE 1
| #define HAVE_M_PI 1
| #define HAVE_FFTW3_H 1
| #define HAVE_PYTHON_H 1
| /* end confdefs.h.  */
| #include <stdio.h>
| #ifdef HAVE_SYS_TYPES_H
| # include <sys/types.h>
| #endif
| #ifdef HAVE_SYS_STAT_H
| # include <sys/stat.h>
| #endif
| #ifdef STDC_HEADERS
| # include <stdlib.h>
| # include <stddef.h>
| #else
| # ifdef HAVE_STDLIB_H
| #  include <stdlib.h>
| # endif
| #endif
| #ifdef HAVE_STRING_H
| # if !defined STDC_HEADERS && defined HAVE_MEMORY_H
| #  include <memory.h>
| # endif
| # include <string.h>
| #endif
| #ifdef HAVE_STRINGS_H
| # include <strings.h>
| #endif
| #ifdef HAVE_INTTYPES_H
| # include <inttypes.h>
| #endif
| #ifdef HAVE_STDINT_H
| # include <stdint.h>
| #endif
| #ifdef HAVE_UNISTD_H
| # include <unistd.h>
| #endif
| #include <csdl.h>
configure:17486: result: no
configure:17486: checking csdl.h presence
configure:17486: gcc -E  conftest.c
conftest.c:36:18: fatal error: csdl.h: No such file or directory
 #include <csdl.h>
                  ^
compilation terminated.
configure:17486: $? = 1
configure: failed program was:
| /* confdefs.h */
| #define PACKAGE_NAME "Loris"
| #define PACKAGE_TARNAME "loris"
| #define PACKAGE_VERSION "1.9"
| #define PACKAGE_STRING "Loris 1.9"
| #define PACKAGE_BUGREPORT "loris@cerlsoundgroup.org"
| #define PACKAGE_URL ""
| #define PACKAGE "loris"
| #define VERSION "1.9"
| #define STDC_HEADERS 1
| #define HAVE_SYS_TYPES_H 1
| #define HAVE_SYS_STAT_H 1
| #define HAVE_STDLIB_H 1
| #define HAVE_STRING_H 1
| #define HAVE_MEMORY_H 1
| #define HAVE_STRINGS_H 1
| #define HAVE_INTTYPES_H 1
| #define HAVE_STDINT_H 1
| #define HAVE_UNISTD_H 1
| #define HAVE_DLFCN_H 1
| #define LT_OBJDIR ".libs/"
| #define SIZEOF_BOOL 1
| #define SIZEOF_CHAR 1
| #define SIZEOF_SHORT 2
| #define SIZEOF_INT 4
| #define SIZEOF_LONG 8
| #define SIZEOF_INT_P 8
| #define SIZEOF_SIZE_T 8
| #define SIZEOF_FLOAT 4
| #define SIZEOF_DOUBLE 8
| #define HAVE_ISFINITE 1
| #define HAVE_M_PI 1
| #define HAVE_FFTW3_H 1
| #define HAVE_PYTHON_H 1
| /* end confdefs.h.  */
| #include <csdl.h>
configure:17486: result: no
configure:17486: checking for csdl.h
configure:17486: result: no
configure:17493: WARNING: Cannot find Csound5 headers. Csound5 support disabled.
configure:17586: result: building command line utilties
configure:17624: result: ----- Creating Output Files -----
configure:17738: checking that generated files are newer than configure
configure:17744: result: done
configure:17800: creating ./config.status

## ---------------------- ##
## Running config.status. ##
## ---------------------- ##

This file was extended by Loris config.status 1.9, which was
generated by GNU Autoconf 2.69.  Invocation command line was

  CONFIG_FILES    = 
  CONFIG_HEADERS  = 
  CONFIG_LINKS    = 
  CONFIG_COMMANDS = 
  $ ./config.status 

on g780

config.status:1203: creating src/loris.h
config.status:1203: creating doc/Doxyfile
config.status:1203: creating Makefile
config.status:1203: creating doc/Makefile
config.status:1203: creating src/Makefile
config.status:1203: creating scripting/Makefile
config.status:1203: creating csound/Makefile
config.status:1203: creating test/Makefile
config.status:1203: creating utils/Makefile
config.status:1203: creating config.h
config.status:1432: executing depfiles commands
config.status:1432: executing libtool commands
configure:20217: result: ----- Configuration Summary -----
configure:20257: result: ----- End Of Configuration -----

## ---------------- ##
## Cache variables. ##
## ---------------- ##

ac_cv_build=x86_64-pc-linux-gnu
ac_cv_c_bigendian=no
ac_cv_c_char_unsigned=no
ac_cv_c_compiler_gnu=yes
ac_cv_cxx_compiler_gnu=yes
ac_cv_env_CCC_set=
ac_cv_env_CCC_value=
ac_cv_env_CC_set=
ac_cv_env_CC_value=
ac_cv_env_CFLAGS_set=
ac_cv_env_CFLAGS_value=
ac_cv_env_CPPFLAGS_set=
ac_cv_env_CPPFLAGS_value=
ac_cv_env_CPP_set=
ac_cv_env_CPP_value=
ac_cv_env_CXXCPP_set=
ac_cv_env_CXXCPP_value=
ac_cv_env_CXXFLAGS_set=
ac_cv_env_CXXFLAGS_value=
ac_cv_env_CXX_set=
ac_cv_env_CXX_value=
ac_cv_env_DOXYGEN_set=
ac_cv_env_DOXYGEN_value=
ac_cv_env_LDFLAGS_set=
ac_cv_env_LDFLAGS_value=
ac_cv_env_LIBS_set=
ac_cv_env_LIBS_value=
ac_cv_env_LT_SYS_LIBRARY_PATH_set=
ac_cv_env_LT_SYS_LIBRARY_PATH_value=
ac_cv_env_PYTHON_set=
ac_cv_env_PYTHON_value=
ac_cv_env_SWIG_set=
ac_cv_env_SWIG_value=
ac_cv_env_build_alias_set=
ac_cv_env_build_alias_value=
ac_cv_env_host_alias_set=
ac_cv_env_host_alias_value=
ac_cv_env_target_alias_set=
ac_cv_env_target_alias_value=
ac_cv_header_Python_h=yes
ac_cv_header_csdl_h=no
ac_cv_header_dlfcn_h=yes
ac_cv_header_fftw3_h=yes
ac_cv_header_inttypes_h=yes
ac_cv_header_memory_h=yes
ac_cv_header_stdc=yes
ac_cv_header_stdint_h=yes
ac_cv_header_stdlib_h=yes
ac_cv_header_string_h=yes
ac_cv_header_strings_h=yes
ac_cv_header_sys_stat_h=yes
ac_cv_header_sys_types_h=yes
ac_cv_header_unistd_h=yes
ac_cv_host=x86_64-pc-linux-gnu
ac_cv_lib_fftw3_fftw_execute=yes
ac_cv_objext=o
ac_cv_path_DOXYGEN=/usr/bin/doxygen
ac_cv_path_EGREP='/bin/grep -E'
ac_cv_path_FGREP='/bin/grep -F'
ac_cv_path_GREP=/bin/grep
ac_cv_path_PYTHON=/usr/bin/python
ac_cv_path_SED=/bin/sed
ac_cv_path_SWIG=/usr/bin/swig
ac_cv_path_install='/usr/bin/install -c'
ac_cv_path_lt_DD=/bin/dd
ac_cv_path_mkdir=/bin/mkdir
ac_cv_prog_AWK=gawk
ac_cv_prog_CPP='gcc -E'
ac_cv_prog_CXXCPP='g++ -E'
ac_cv_prog_ac_ct_AR=ar
ac_cv_prog_ac_ct_CC=gcc
ac_cv_prog_ac_ct_CXX=g++
ac_cv_prog_ac_ct_MANIFEST_TOOL=mt
ac_cv_prog_ac_ct_OBJDUMP=objdump
ac_cv_prog_ac_ct_RANLIB=ranlib
ac_cv_prog_ac_ct_STRIP=strip
ac_cv_prog_cc_c89=
ac_cv_prog_cc_g=yes
ac_cv_prog_cxx_g=yes
ac_cv_prog_make_make_set=yes
ac_cv_search_sin=-lm
ac_cv_sizeof_bool=1
ac_cv_sizeof_char=1
ac_cv_sizeof_double=8
ac_cv_sizeof_float=4
ac_cv_sizeof_int=4
ac_cv_sizeof_int_p=8
ac_cv_sizeof_long=8
ac_cv_sizeof_short=2
ac_cv_sizeof_size_t=8
am_cv_CC_dependencies_compiler_type=gcc3
am_cv_CXX_dependencies_compiler_type=gcc3
am_cv_make_support_nested_variables=yes
am_cv_prog_cc_c_o=yes
am_cv_python_platform=linux2
am_cv_python_pyexecdir='${exec_prefix}/lib/python2.7/dist-packages'
am_cv_python_pythondir='${prefix}/lib/python2.7/dist-packages'
am_cv_python_version=2.7
lt_cv_ar_at_file=@
lt_cv_archive_cmds_need_lc=no
lt_cv_deplibs_check_method=pass_all
lt_cv_file_magic_cmd='$MAGIC_CMD'
lt_cv_file_magic_test_file=
lt_cv_ld_reload_flag=-r
lt_cv_nm_interface='BSD nm'
lt_cv_objdir=.libs
lt_cv_path_LD=/usr/bin/ld
lt_cv_path_LDCXX='/usr/bin/ld -m elf_x86_64'
lt_cv_path_NM='/usr/bin/nm -B'
lt_cv_path_mainfest_tool=no
lt_cv_prog_compiler_c_o=yes
lt_cv_prog_compiler_c_o_CXX=yes
lt_cv_prog_compiler_pic='-fPIC -DPIC'
lt_cv_prog_compiler_pic_CXX='-fPIC -DPIC'
lt_cv_prog_compiler_pic_works=yes
lt_cv_prog_compiler_pic_works_CXX=yes
lt_cv_prog_compiler_rtti_exceptions=no
lt_cv_prog_compiler_static_works=yes
lt_cv_prog_compiler_static_works_CXX=yes
lt_cv_prog_gnu_ld=yes
lt_cv_prog_gnu_ldcxx=yes
lt_cv_sharedlib_from_linklib_cmd='printf %s\n'
lt_cv_shlibpath_overrides_runpath=yes
lt_cv_sys_global_symbol_pipe='sed -n -e '\''s/^.*[	 ]\([ABCDGIRSTW][ABCDGIRSTW]*\)[	 ][	 ]*\([_A-Za-z][_A-Za-z0-9]*\)$/\1 \2 \2/p'\'' | sed '\''/ __gnu_lto/d'\'''
lt_cv_sys_global_symbol_to_c_name_address='sed -n -e '\''s/^: \(.*\) .*$/  {"\1", (void *) 0},/p'\'' -e '\''s/^[ABCDGIRSTW][ABCDGIRSTW]* .* \(.*\)$/  {"\1", (void *) \&\1},/p'\'''
lt_cv_sys_global_symbol_to_c_name_address_lib_prefix='sed -n -e '\''s/^: \(.*\) .*$/  {"\1", (void *) 0},/p'\'' -e '\''s/^[ABCDGIRSTW][ABCDGIRSTW]* .* \(lib.*\)$/  {"\1", (void *) \&\1},/p'\'' -e '\''s/^[ABCDGIRSTW][ABCDGIRSTW]* .* \(.*\)$/  {"lib\1", (void *) \&\1},/p'\'''
lt_cv_sys_global_symbol_to_cdecl='sed -n -e '\''s/^T .* \(.*\)$/extern int \1();/p'\'' -e '\''s/^[ABCDGIRSTW][ABCDGIRSTW]* .* \(.*\)$/extern char \1;/p'\'''
lt_cv_sys_global_symbol_to_import=
lt_cv_sys_max_cmd_len=1572864
lt_cv_to_host_file_cmd=func_convert_file_noop
lt_cv_to_tool_file_cmd=func_convert_file_noop
lt_cv_truncate_bin='/bin/dd bs=4096 count=1'

## ----------------- ##
## Output variables. ##
## ----------------- ##

ACLOCAL='${SHELL} /home/em/dev/python/loristrck/src/loris/config/missing aclocal-1.15'
AMDEPBACKSLASH='\'
AMDEP_FALSE='#'
AMDEP_TRUE=''
AMTAR='$${TAR-tar}'
AM_BACKSLASH='\'
AM_DEFAULT_V='$(AM_DEFAULT_VERBOSITY)'
AM_DEFAULT_VERBOSITY='1'
AM_V='$(V)'
AR='ar'
AUTOCONF='${SHELL} /home/em/dev/python/loristrck/src/loris/config/missing autoconf'
AUTOHEADER='${SHELL} /home/em/dev/python/loristrck/src/loris/config/missing autoheader'
AUTOMAKE='${SHELL} /home/em/dev/python/loristrck/src/loris/config/missing automake-1.15'
AWK='gawk'
BUILD_PYTHON_FALSE='#'
BUILD_PYTHON_TRUE=''
BUILD_UTILS_FALSE='#'
BUILD_UTILS_TRUE=''
CC='gcc'
CCDEPMODE='depmode=gcc3'
CFLAGS='-g -O2'
CPP='gcc -E'
CPPFLAGS=''
CSOUND=''
CXX='g++'
CXXCPP='g++ -E'
CXXDEPMODE='depmode=gcc3'
CXXFLAGS='-g -O2'
CYGPATH_W='echo'
DARWIN_FALSE=''
DARWIN_TRUE='#'
DEFS='-DHAVE_CONFIG_H'
DEPDIR='.deps'
DLLTOOL='false'
DOXYGEN='/usr/bin/doxygen'
DSYMUTIL=''
DUMPBIN=''
ECHO_C=''
ECHO_N='-n'
ECHO_T=''
EGREP='/bin/grep -E'
EXEEXT=''
FGREP='/bin/grep -F'
GREP='/bin/grep'
HAVE_CSOUND5_FALSE=''
HAVE_CSOUND5_TRUE='#'
HAVE_CSOUND_FALSE=''
HAVE_CSOUND_TRUE='#'
HAVE_DOXYGEN_FALSE='#'
HAVE_DOXYGEN_TRUE=''
HAVE_SWIG_FALSE='#'
HAVE_SWIG_TRUE=''
INSTALL_DATA='${INSTALL} -m 644'
INSTALL_PROGRAM='${INSTALL}'
INSTALL_SCRIPT='${INSTALL}'
INSTALL_STRIP_PROGRAM='$(install_sh) -c -s'
LD='/usr/bin/ld -m elf_x86_64'
LDFLAGS=''
LIBOBJS=''
LIBS='-lm '
LIBTOOL='$(SHELL) $(top_builddir)/libtool'
LIBTOOL_DEPS='config/ltmain.sh'
LINK_FFTW='-lfftw3'
LIPO=''
LN_S='ln -s'
LORIS_MAJOR_VERSION='1'
LORIS_MINOR_VERSION='9'
LORIS_SUBMINOR_VERSION=''
LORIS_VERSION_STR='Loris 1.9development'
LTLIBOBJS=''
LT_SYS_LIBRARY_PATH=''
MAKEINFO='${SHELL} /home/em/dev/python/loristrck/src/loris/config/missing makeinfo'
MANIFEST_TOOL=':'
MKDIR_P='/bin/mkdir -p'
NM='/usr/bin/nm -B'
NMEDIT=''
OBJDUMP='objdump'
OBJEXT='o'
OTOOL64=''
OTOOL=''
PACKAGE='loris'
PACKAGE_BUGREPORT='loris@cerlsoundgroup.org'
PACKAGE_NAME='Loris'
PACKAGE_STRING='Loris 1.9'
PACKAGE_TARNAME='loris'
PACKAGE_URL=''
PACKAGE_VERSION='1.9'
PATH_SEPARATOR=':'
PYFLAGS=''
PYINCLUDE='/usr/include/python2.7'
PYTHON='/usr/bin/python'
PYTHON_EXEC_PREFIX='${exec_prefix}'
PYTHON_PLATFORM='linux2'
PYTHON_PREFIX='${prefix}'
PYTHON_VERSION='2.7'
RANLIB='ranlib'
SED='/bin/sed'
SET_MAKE=''
SHELL='/bin/bash'
STRIP='strip'
SWIG='/usr/bin/swig'
VERSION='1.9'
ac_aux_dir='config'
ac_ct_AR='ar'
ac_ct_CC='gcc'
ac_ct_CXX='g++'
ac_ct_DUMPBIN=''
am__EXEEXT_FALSE=''
am__EXEEXT_TRUE='#'
am__fastdepCC_FALSE='#'
am__fastdepCC_TRUE=''
am__fastdepCXX_FALSE='#'
am__fastdepCXX_TRUE=''
am__include='include'
am__isrc=''
am__leading_dot='.'
am__nodep='_no'
am__quote=''
am__tar='$${TAR-tar} chof - "$$tardir"'
am__untar='$${TAR-tar} xf -'
bindir='${exec_prefix}/bin'
build='x86_64-pc-linux-gnu'
build_alias=''
build_cpu='x86_64'
build_os='linux-gnu'
build_vendor='pc'
datadir='${datarootdir}'
datarootdir='${prefix}/share'
docdir='${datarootdir}/doc/${PACKAGE_TARNAME}'
dvidir='${docdir}'
exec_prefix='${prefix}'
host='x86_64-pc-linux-gnu'
host_alias=''
host_cpu='x86_64'
host_os='linux-gnu'
host_vendor='pc'
htmldir='${docdir}'
includedir='${prefix}/include'
infodir='${datarootdir}/info'
install_sh='${SHELL} /home/em/dev/python/loristrck/src/loris/config/install-sh'
libdir='${exec_prefix}/lib'
libexecdir='${exec_prefix}/libexec'
localedir='${datarootdir}/locale'
localstatedir='${prefix}/var'
mandir='${datarootdir}/man'
mkdir_p='$(MKDIR_P)'
oldincludedir='/usr/include'
pdfdir='${docdir}'
pkgpyexecdir='${pyexecdir}/loris'
pkgpythondir='${pythondir}/loris'
prefix='/usr/local'
program_transform_name='s,x,x,'
psdir='${docdir}'
pyexecdir='${exec_prefix}/lib/python2.7/dist-packages'
pythondir='${prefix}/lib/python2.7/dist-packages'
runstatedir='${localstatedir}/run'
sbindir='${exec_prefix}/sbin'
sharedstatedir='${prefix}/com'
sysconfdir='${prefix}/etc'
target_alias=''

## ----------- ##
## confdefs.h. ##
## ----------- ##

/* confdefs.h */
#define PACKAGE_NAME "Loris"
#define PACKAGE_TARNAME "loris"
#define PACKAGE_VERSION "1.9"
#define PACKAGE_STRING "Loris 1.9"
#define PACKAGE_BUGREPORT "loris@cerlsoundgroup.org"
#define PACKAGE_URL ""
#define PACKAGE "loris"
#define VERSION "1.9"
#define STDC_HEADERS 1
#define HAVE_SYS_TYPES_H 1
#define HAVE_SYS_STAT_H 1
#define HAVE_STDLIB_H 1
#define HAVE_STRING_H 1
#define HAVE_MEMORY_H 1
#define HAVE_STRINGS_H 1
#define HAVE_INTTYPES_H 1
#define HAVE_STDINT_H 1
#define HAVE_UNISTD_H 1
#define HAVE_DLFCN_H 1
#define LT_OBJDIR ".libs/"
#define SIZEOF_BOOL 1
#define SIZEOF_CHAR 1
#define SIZEOF_SHORT 2
#define SIZEOF_INT 4
#define SIZEOF_LONG 8
#define SIZEOF_INT_P 8
#define SIZEOF_SIZE_T 8
#define SIZEOF_FLOAT 4
#define SIZEOF_DOUBLE 8
#define HAVE_ISFINITE 1
#define HAVE_M_PI 1
#define HAVE_FFTW3_H 1
#define HAVE_PYTHON_H 1

configure: exit 0
